<?xml version="1.0" encoding="UTF-8"?>
<!-- Generated by org.testng.reporters.JUnitXMLReporter -->
<testsuite hostname="TRUUGQA62" ignored="0" name="Test" tests="6" failures="0" timestamp="2022-10-04T13:09:35 EAT" time="256.029" errors="0">
  <testcase name="@BeforeMethod wee" time="67.028" classname="automatingHRMtests.LoginPageClassTest">
    <failure type="org.openqa.selenium.TimeoutException" message="timeout: Timed out receiving message from renderer: 58.006
  (Session info: chrome=106.0.5249.91)
Build info: version: &amp;apos;3.141.59&amp;apos;, revision: &amp;apos;e82be7d358&amp;apos;, time: &amp;apos;2018-11-14T08:17:03&amp;apos;
System info: host: &amp;apos;TRUUGQA62&amp;apos;, ip: &amp;apos;192.168.75.1&amp;apos;, os.name: &amp;apos;Windows 10&amp;apos;, os.arch: &amp;apos;amd64&amp;apos;, os.version: &amp;apos;10.0&amp;apos;, java.version: &amp;apos;1.8.0_271&amp;apos;
Driver info: org.openqa.selenium.chrome.ChromeDriver
Capabilities {acceptInsecureCerts: true, browserName: chrome, browserVersion: 106.0.5249.91, chrome: {chromedriverVersion: 106.0.5249.61 (511755355844..., userDataDir: C:\Users\SNGICH~1\AppData\L...}, goog:chromeOptions: {debuggerAddress: localhost:62724}, javascriptEnabled: true, networkConnectionEnabled: false, pageLoadStrategy: normal, platform: WINDOWS, platformName: WINDOWS, proxy: Proxy(), setWindowRect: true, strictFileInteractability: false, timeouts: {implicit: 0, pageLoad: 300000, script: 30000}, unhandledPromptBehavior: dismiss and notify, webauthn:extension:credBlob: true, webauthn:extension:largeBlob: true, webauthn:virtualAuthenticators: true}
Session ID: c03e76460705a96da1d0562e0f55ef15">
      <![CDATA[org.openqa.selenium.TimeoutException: timeout: Timed out receiving message from renderer: 58.006
  (Session info: chrome=106.0.5249.91)
Build info: version: '3.141.59', revision: 'e82be7d358', time: '2018-11-14T08:17:03'
System info: host: 'TRUUGQA62', ip: '192.168.75.1', os.name: 'Windows 10', os.arch: 'amd64', os.version: '10.0', java.version: '1.8.0_271'
Driver info: org.openqa.selenium.chrome.ChromeDriver
Capabilities {acceptInsecureCerts: true, browserName: chrome, browserVersion: 106.0.5249.91, chrome: {chromedriverVersion: 106.0.5249.61 (511755355844..., userDataDir: C:\Users\SNGICH~1\AppData\L...}, goog:chromeOptions: {debuggerAddress: localhost:62724}, javascriptEnabled: true, networkConnectionEnabled: false, pageLoadStrategy: normal, platform: WINDOWS, platformName: WINDOWS, proxy: Proxy(), setWindowRect: true, strictFileInteractability: false, timeouts: {implicit: 0, pageLoad: 300000, script: 30000}, unhandledPromptBehavior: dismiss and notify, webauthn:extension:credBlob: true, webauthn:extension:largeBlob: true, webauthn:virtualAuthenticators: true}
Session ID: c03e76460705a96da1d0562e0f55ef15
at org.openqa.selenium.remote.http.W3CHttpResponseCodec.createException(W3CHttpResponseCodec.java:187)
at org.openqa.selenium.remote.http.W3CHttpResponseCodec.decode(W3CHttpResponseCodec.java:122)
at org.openqa.selenium.remote.http.W3CHttpResponseCodec.decode(W3CHttpResponseCodec.java:49)
at org.openqa.selenium.remote.HttpCommandExecutor.execute(HttpCommandExecutor.java:158)
at org.openqa.selenium.remote.service.DriverCommandExecutor.execute(DriverCommandExecutor.java:83)
at org.openqa.selenium.remote.RemoteWebDriver.execute(RemoteWebDriver.java:552)
at org.openqa.selenium.remote.RemoteWebDriver.get(RemoteWebDriver.java:277)
at com.HRMAutomation.base.BaseClasss.Initialization(BaseClasss.java:83)
at automatingHRMtests.LoginPageClassTest.wee(LoginPageClassTest.java:37)
at java.util.ArrayList.forEach(Unknown Source)
... Removed 35 stack frames]]>
    </failure>
  </testcase> <!-- @BeforeMethod wee -->
  <testcase name="@AfterMethod terminate" time="-1.664878175206E9" classname="automatingHRMtests.LoginPageClassTest">
    <skipped/>
  </testcase> <!-- @AfterMethod terminate -->
  <testcase name="@BeforeMethod Initialization" time="-1.664878175209E9" classname="com.HRMAutomation.base.BaseClasss">
    <skipped/>
  </testcase> <!-- @BeforeMethod Initialization -->
  <testcase name="@BeforeMethod wee" time="-1.664878175216E9" classname="automatingHRMtests.LoginPageClassTest">
    <skipped/>
  </testcase> <!-- @BeforeMethod wee -->
  <testcase name="@AfterMethod terminate" time="-1.664878175231E9" classname="automatingHRMtests.LoginPageClassTest">
    <skipped/>
  </testcase> <!-- @AfterMethod terminate -->
  <testcase name="@BeforeMethod Initialization" time="-1.664878175235E9" classname="com.HRMAutomation.base.BaseClasss">
    <skipped/>
  </testcase> <!-- @BeforeMethod Initialization -->
  <testcase name="@BeforeMethod wee" time="-1.664878175245E9" classname="automatingHRMtests.LoginPageClassTest">
    <skipped/>
  </testcase> <!-- @BeforeMethod wee -->
  <testcase name="@AfterMethod terminate" time="-1.664878175275E9" classname="automatingHRMtests.LoginPageClassTest">
    <skipped/>
  </testcase> <!-- @AfterMethod terminate -->
  <testcase name="@BeforeMethod Initialization" time="-1.664878175287E9" classname="com.HRMAutomation.base.BaseClasss">
    <skipped/>
  </testcase> <!-- @BeforeMethod Initialization -->
  <testcase name="@BeforeMethod wee" time="-1.664878175289E9" classname="automatingHRMtests.LoginPageClassTest">
    <skipped/>
  </testcase> <!-- @BeforeMethod wee -->
  <testcase name="@AfterMethod terminate" time="-1.664878175306E9" classname="automatingHRMtests.LoginPageClassTest">
    <skipped/>
  </testcase> <!-- @AfterMethod terminate -->
  <testcase name="LoginSuccessfully" time="5.609" classname="automatingHRMtests.LoginPageClassTest"/>
  <testcase name="verifytitleokay" time="0.012" classname="automatingHRMtests.LoginPageClassTest"/>
  <testcase name="LogoisVisible" time="0.0" classname="automatingHRMtests.LoginPageClassTest">
    <skipped/>
  </testcase> <!-- LogoisVisible -->
  <testcase name="Successful_Password_Reset_Test" time="0.0" classname="automatingHRMtests.LoginPageClassTest">
    <skipped/>
  </testcase> <!-- Successful_Password_Reset_Test -->
  <testcase name="Cancel_Password_Reset_Test" time="0.0" classname="automatingHRMtests.LoginPageClassTest">
    <skipped/>
  </testcase> <!-- Cancel_Password_Reset_Test -->
  <testcase name="AdminMenu" time="0.0" classname="automatingHRMtests.LoginPageClassTest">
    <skipped/>
  </testcase> <!-- AdminMenu -->
</testsuite> <!-- Test -->
